#-----------------------------------------------------------
# Vivado v2021.1 (64-bit)
# SW Build 3247384 on Thu Jun 10 19:36:33 MDT 2021
# IP Build 3246043 on Fri Jun 11 00:30:35 MDT 2021
# Start of session at: Wed May 31 09:46:18 2023
# Process ID: 4488
# Current directory: E:/Pycharmworkplace/VhdlSimulation/AtomicSystemGeneration/DependencyProject/SSS0Dependency
# Command line: vivado.exe -gui_launcher_event rodinguilauncherevent5444 E:\Pycharmworkplace\VhdlSimulation\AtomicSystemGeneration\DependencyProject\SSS0Dependency\SSS0Dependency.xpr
# Log file: E:/Pycharmworkplace/VhdlSimulation/AtomicSystemGeneration/DependencyProject/SSS0Dependency/vivado.log
# Journal file: E:/Pycharmworkplace/VhdlSimulation/AtomicSystemGeneration/DependencyProject/SSS0Dependency\vivado.jou
#-----------------------------------------------------------
start_gui
open_project E:/Pycharmworkplace/VhdlSimulation/AtomicSystemGeneration/DependencyProject/SSS0Dependency/SSS0Dependency.xpr
INFO: [ProjectBase 1-489] The host OS only allows 260 characters in a normal path. The project is stored in a path with more than 80 characters. If you experience issues with IP, Block Designs, or files not being found, please consider moving the project to a location with a shorter path. Alternately consider using the OS subst command to map part of the path to a drive letter.
Current project path is 'E:/Pycharmworkplace/VhdlSimulation/AtomicSystemGeneration/DependencyProject/SSS0Dependency'
WARNING: [filemgmt 56-3] Default IP Output Path : Could not find the directory 'E:/Pycharmworkplace/VhdlSimulation/AtomicSystemGeneration/DependencyProject/SSS0Dependency/SSS0Dependency.gen/sources_1'.
Scanning sources...
Finished scanning sources
INFO: [IP_Flow 19-234] Refreshing IP repositories
INFO: [IP_Flow 19-1704] No user IP repositories specified
INFO: [IP_Flow 19-2313] Loaded Vivado IP repository 'E:/xilinx/Vivado/2021.1/data/ip'.
open_project: Time (s): cpu = 00:00:16 ; elapsed = 00:00:09 . Memory (MB): peak = 1135.883 ; gain = 0.000
update_compile_order -fileset sources_1
ipx::open_ipxact_file E:/Pycharmworkplace/VhdlSimulation/AtomicSystemGeneration/DependencyProject/SSS0Dependency/component.xml
WARNING: [IP_Flow 19-5226] Project source file 'e:/Pycharmworkplace/VhdlSimulation/AtomicSystemGeneration/DependencyProject/SSS0Dependency/component.xml' ignored by IP packager.
WARNING: [IP_Flow 19-3898] File Group 'xilinx_anylanguagesynthesis (Synthesis)': File 'e:/Pycharmworkplace/VhdlSimulation/AtomicSystemGeneration/DependencyProject/SSS0Dependency/SSS0Dependency.srcs/sources_1/new/SSS0Dependency.vhd' is not found in the project sources. It will be removed from the packaged IP when the sources are merged. If still required, please add this file to the project and re-package.
WARNING: [IP_Flow 19-3898] File Group 'xilinx_anylanguagebehavioralsimulation (Simulation)': File 'e:/Pycharmworkplace/VhdlSimulation/AtomicSystemGeneration/DependencyProject/SSS0Dependency/SSS0Dependency.srcs/sources_1/new/SSS0Dependency.vhd' is not found in the project sources. It will be removed from the packaged IP when the sources are merged. If still required, please add this file to the project and re-package.
ipx::merge_project_changes ports [ipx::current_core]
WARNING: [IP_Flow 19-5226] Project source file 'e:/Pycharmworkplace/VhdlSimulation/AtomicSystemGeneration/DependencyProject/SSS0Dependency/component.xml' ignored by IP packager.
set_property core_revision 2 [ipx::current_core]
ipx::create_xgui_files [ipx::current_core]
ipx::update_checksums [ipx::current_core]
ipx::check_integrity [ipx::current_core]
WARNING: [IP_Flow 19-5661] Bus Interface 'clk' does not have any bus interfaces associated with it.
INFO: [IP_Flow 19-2181] Payment Required is not set for this core.
INFO: [IP_Flow 19-2187] The Product Guide file is missing.
INFO: [Ipptcl 7-1486] check_integrity: Integrity check passed.
ipx::save_core [ipx::current_core]
set_property  ip_repo_paths  e:/Pycharmworkplace/VhdlSimulation/AtomicSystemGeneration/DependencyProject/SSS0Dependency [current_project]
update_ip_catalog
INFO: [IP_Flow 19-234] Refreshing IP repositories
INFO: [IP_Flow 19-1700] Loaded user IP repository 'e:/Pycharmworkplace/VhdlSimulation/AtomicSystemGeneration/DependencyProject/SSS0Dependency'.
close_project
open_project E:/Pycharmworkplace/VhdlSimulation/AtomicSystemGeneration/SystemProject/SSS0all/SSS0all.xpr
Scanning sources...
Finished scanning sources
INFO: [IP_Flow 19-234] Refreshing IP repositories
INFO: [IP_Flow 19-1700] Loaded user IP repository 'e:/Pycharmworkplace/VhdlSimulation/AtomicSystemGeneration'.
WARNING: [IP_Flow 19-3656] If you move the project, the path for repository 'e:/Pycharmworkplace/VhdlSimulation/AtomicSystemGeneration' may become invalid. A better location for the repository would be in a path adjacent to the project. (Current project location is 'e:/Pycharmworkplace/VhdlSimulation/AtomicSystemGeneration/SystemProject/SSS0all'.)
INFO: [IP_Flow 19-2313] Loaded Vivado IP repository 'E:/xilinx/Vivado/2021.1/data/ip'.
WARNING: [BD 41-1661] One or more IPs have been locked in the design 'SSS0all.bd'. Please run report_ip_status for more details and recommendations on how to fix this issue.
List of locked IPs:
SSS0all_IT_0_0

update_compile_order -fileset sources_1
update_ip_catalog -rebuild
INFO: [IP_Flow 19-234] Refreshing IP repositories
INFO: [IP_Flow 19-1700] Loaded user IP repository 'e:/Pycharmworkplace/VhdlSimulation/AtomicSystemGeneration'.
WARNING: [IP_Flow 19-3656] If you move the project, the path for repository 'e:/Pycharmworkplace/VhdlSimulation/AtomicSystemGeneration' may become invalid. A better location for the repository would be in a path adjacent to the project. (Current project location is 'e:/Pycharmworkplace/VhdlSimulation/AtomicSystemGeneration/SystemProject/SSS0all'.)
open_bd_design {E:/Pycharmworkplace/VhdlSimulation/AtomicSystemGeneration/SystemProject/SSS0all/SSS0all.srcs/sources_1/bd/SSS0all/SSS0all.bd}
Reading block design file <E:/Pycharmworkplace/VhdlSimulation/AtomicSystemGeneration/SystemProject/SSS0all/SSS0all.srcs/sources_1/bd/SSS0all/SSS0all.bd>...
Adding component instance block -- xilinx.com:user:SSS0_wrapper:1.0 - SSS0_wrapper_0
Adding component instance block -- xilinx.com:user:G:1.0 - G_0
Adding component instance block -- xilinx.com:user:SS:1.0 - SS_0
Adding component instance block -- xilinx.com:user:DMC:1.0 - DMC_0
Adding component instance block -- xilinx.com:user:IT:1.0 - IT_0
Adding component instance block -- xilinx.com:user:TCT:1.0 - TCT_0
Successfully read diagram <SSS0all> from block design file <E:/Pycharmworkplace/VhdlSimulation/AtomicSystemGeneration/SystemProject/SSS0all/SSS0all.srcs/sources_1/bd/SSS0all/SSS0all.bd>
report_ip_status -name ip_status 
upgrade_ip -vlnv xilinx.com:user:IT:1.0 [get_ips  SSS0all_IT_0_0] -log ip_upgrade.log
Upgrading 'E:/Pycharmworkplace/VhdlSimulation/AtomicSystemGeneration/SystemProject/SSS0all/SSS0all.srcs/sources_1/bd/SSS0all/SSS0all.bd'
INFO: [IP_Flow 19-3422] Upgraded SSS0all_IT_0_0 (IT_v1_0 1.0) from revision 1 to revision 2
WARNING: [IP_Flow 19-4697] Upgrade has added interface 'clk' (xilinx.com:signal:clock:1.0)
WARNING: [IP_Flow 19-4697] Upgrade has added interface 'reset' (xilinx.com:signal:reset:1.0)
WARNING: [IP_Flow 19-3670] Detected external interface differences while upgrading 'SSS0all_IT_0_0'.
WARNING: [IP_Flow 19-4698] Upgrade has added port 'clk'
WARNING: [IP_Flow 19-4698] Upgrade has added port 'interruptsignal'
WARNING: [IP_Flow 19-4698] Upgrade has added port 'reset'
WARNING: [IP_Flow 19-3298] Detected external port differences while upgrading 'SSS0all_IT_0_0'. These changes may impact your design.
CRITICAL WARNING: [Coretcl 2-1279] The upgrade of 'SSS0all_IT_0_0' has identified issues that may require user intervention. Please review the upgrade log 'e:/Pycharmworkplace/VhdlSimulation/AtomicSystemGeneration/SystemProject/SSS0all/ip_upgrade.log', and verify that the upgraded IP is correctly configured.
Wrote  : <E:\Pycharmworkplace\VhdlSimulation\AtomicSystemGeneration\SystemProject\SSS0all\SSS0all.srcs\sources_1\bd\SSS0all\SSS0all.bd> 
Wrote  : <E:/Pycharmworkplace/VhdlSimulation/AtomicSystemGeneration/SystemProject/SSS0all/SSS0all.srcs/sources_1/bd/SSS0all/ui/bd_7b207104.ui> 
INFO: [Coretcl 2-1525] Wrote upgrade log to 'E:/Pycharmworkplace/VhdlSimulation/AtomicSystemGeneration/SystemProject/SSS0all/ip_upgrade.log'.
export_ip_user_files -of_objects [get_ips SSS0all_IT_0_0] -no_script -sync -force -quiet
open_project E:/Pycharmworkplace/VhdlSimulation/AtomicSystemGeneration/SubSystemProject/SSS0/SSS0.xpr
Scanning sources...
Finished scanning sources
INFO: [IP_Flow 19-234] Refreshing IP repositories
INFO: [IP_Flow 19-1700] Loaded user IP repository 'e:/Pycharmworkplace/VhdlSimulation/AtomicSystemGeneration'.
WARNING: [IP_Flow 19-3656] If you move the project, the path for repository 'e:/Pycharmworkplace/VhdlSimulation/AtomicSystemGeneration' may become invalid. A better location for the repository would be in a path adjacent to the project. (Current project location is 'e:/Pycharmworkplace/VhdlSimulation/AtomicSystemGeneration/SubSystemProject/SSS0'.)
INFO: [IP_Flow 19-2313] Loaded Vivado IP repository 'E:/xilinx/Vivado/2021.1/data/ip'.
WARNING: [BD 41-1661] One or more IPs have been locked in the design 'SSS0.bd'. Please run report_ip_status for more details and recommendations on how to fix this issue.
List of locked IPs:
SSS0_SSS0Dependency_0_0

open_project: Time (s): cpu = 00:00:08 ; elapsed = 00:00:09 . Memory (MB): peak = 1135.883 ; gain = 0.000
update_compile_order -fileset sources_1
update_ip_catalog -rebuild
INFO: [IP_Flow 19-234] Refreshing IP repositories
INFO: [IP_Flow 19-1700] Loaded user IP repository 'e:/Pycharmworkplace/VhdlSimulation/AtomicSystemGeneration'.
WARNING: [IP_Flow 19-3656] If you move the project, the path for repository 'e:/Pycharmworkplace/VhdlSimulation/AtomicSystemGeneration' may become invalid. A better location for the repository would be in a path adjacent to the project. (Current project location is 'e:/Pycharmworkplace/VhdlSimulation/AtomicSystemGeneration/SubSystemProject/SSS0'.)
open_bd_design {E:/Pycharmworkplace/VhdlSimulation/AtomicSystemGeneration/SubSystemProject/SSS0/SSS0.srcs/sources_1/bd/SSS0/SSS0.bd}
Reading block design file <E:/Pycharmworkplace/VhdlSimulation/AtomicSystemGeneration/SubSystemProject/SSS0/SSS0.srcs/sources_1/bd/SSS0/SSS0.bd>...
Adding component instance block -- xilinx.com:user:SSS0Dependency:1.0 - SSS0Dependency_0
Adding component instance block -- xilinx.com:user:TPI:1.0 - TPI_0
Adding component instance block -- xilinx.com:user:AD18:1.0 - AD18_0
Adding component instance block -- xilinx.com:user:TCC20:1.0 - TCC20_0
Adding component instance block -- xilinx.com:user:TIP13:1.0 - TIP13_0
Adding component instance block -- xilinx.com:user:GI:1.0 - GI_0
Adding component instance block -- xilinx.com:user:DA14_wrapper:1.0 - DA14_wrapper_0
Adding component instance block -- xilinx.com:user:TP22:1.0 - TP22_0
Adding component instance block -- xilinx.com:user:TDC21:1.0 - TDC21_0
Adding component instance block -- xilinx.com:user:I1_wrapper:1.0 - I1_wrapper_0
Adding component instance block -- xilinx.com:user:SSI:1.0 - SSI_0
Adding component instance block -- xilinx.com:user:TTC23_wrapper:1.0 - TTC23_wrapper_0
Adding component instance block -- xilinx.com:user:MR:1.0 - MR_0
Adding component instance block -- xilinx.com:user:MSM19:1.0 - MSM19_0
Successfully read diagram <SSS0> from block design file <E:/Pycharmworkplace/VhdlSimulation/AtomicSystemGeneration/SubSystemProject/SSS0/SSS0.srcs/sources_1/bd/SSS0/SSS0.bd>
ipx::open_ipxact_file E:/Pycharmworkplace/VhdlSimulation/AtomicSystemGeneration/SubSystemProject/SSS0/component.xml
CRITICAL WARNING: [filemgmt 20-1365] Unable to generate target(s) for the following file is locked: E:/Pycharmworkplace/VhdlSimulation/AtomicSystemGeneration/SubSystemProject/SSS0/SSS0.srcs/sources_1/bd/SSS0/SSS0.bd
Locked reason: 
* Block design contains locked IPs. Please run report_ip_status for more details and recommendations on how to fix this issue. 
List of locked IPs: 
SSS0_SSS0Dependency_0_0

WARNING: [IP_Flow 19-5226] Project source file 'e:/Pycharmworkplace/VhdlSimulation/AtomicSystemGeneration/SubSystemProject/SSS0/component.xml' ignored by IP packager.
WARNING: [IP_Flow 19-3898] File Group 'xilinx_anylanguagesynthesis (Synthesis)': File 'e:/Pycharmworkplace/VhdlSimulation/AtomicSystemGeneration/SubSystemProject/SSS0/SSS0.srcs/sources_1/bd/SSS0/ip/SSS0_TPI_0_0/SSS0_TPI_0_0.xci' is not found in the project sources. It will be removed from the packaged IP when the sources are merged. If still required, please add this file to the project and re-package.
WARNING: [IP_Flow 19-3898] File Group 'xilinx_anylanguagesynthesis (Synthesis)': File 'e:/Pycharmworkplace/VhdlSimulation/AtomicSystemGeneration/SubSystemProject/SSS0/SSS0.srcs/sources_1/bd/SSS0/ip/SSS0_AD18_0_0/SSS0_AD18_0_0.xci' is not found in the project sources. It will be removed from the packaged IP when the sources are merged. If still required, please add this file to the project and re-package.
WARNING: [IP_Flow 19-3898] File Group 'xilinx_anylanguagesynthesis (Synthesis)': File 'e:/Pycharmworkplace/VhdlSimulation/AtomicSystemGeneration/SubSystemProject/SSS0/SSS0.srcs/sources_1/bd/SSS0/ip/SSS0_TCC20_0_0/SSS0_TCC20_0_0.xci' is not found in the project sources. It will be removed from the packaged IP when the sources are merged. If still required, please add this file to the project and re-package.
WARNING: [IP_Flow 19-3898] File Group 'xilinx_anylanguagesynthesis (Synthesis)': File 'e:/Pycharmworkplace/VhdlSimulation/AtomicSystemGeneration/SubSystemProject/SSS0/SSS0.srcs/sources_1/bd/SSS0/ip/SSS0_TIP13_0_0/SSS0_TIP13_0_0.xci' is not found in the project sources. It will be removed from the packaged IP when the sources are merged. If still required, please add this file to the project and re-package.
WARNING: [IP_Flow 19-3898] File Group 'xilinx_anylanguagesynthesis (Synthesis)': File 'e:/Pycharmworkplace/VhdlSimulation/AtomicSystemGeneration/SubSystemProject/SSS0/SSS0.srcs/sources_1/bd/SSS0/ip/SSS0_GI_0_0/SSS0_GI_0_0.xci' is not found in the project sources. It will be removed from the packaged IP when the sources are merged. If still required, please add this file to the project and re-package.
WARNING: [IP_Flow 19-3898] File Group 'xilinx_anylanguagesynthesis (Synthesis)': File 'e:/Pycharmworkplace/VhdlSimulation/AtomicSystemGeneration/SubSystemProject/SSS0/SSS0.srcs/sources_1/bd/SSS0/ip/SSS0_DA14_wrapper_0_0/SSS0_DA14_wrapper_0_0.xci' is not found in the project sources. It will be removed from the packaged IP when the sources are merged. If still required, please add this file to the project and re-package.
WARNING: [IP_Flow 19-3898] File Group 'xilinx_anylanguagesynthesis (Synthesis)': File 'e:/Pycharmworkplace/VhdlSimulation/AtomicSystemGeneration/SubSystemProject/SSS0/SSS0.srcs/sources_1/bd/SSS0/ip/SSS0_TP22_0_0/SSS0_TP22_0_0.xci' is not found in the project sources. It will be removed from the packaged IP when the sources are merged. If still required, please add this file to the project and re-package.
WARNING: [IP_Flow 19-3898] File Group 'xilinx_anylanguagesynthesis (Synthesis)': File 'e:/Pycharmworkplace/VhdlSimulation/AtomicSystemGeneration/SubSystemProject/SSS0/SSS0.srcs/sources_1/bd/SSS0/ip/SSS0_TDC21_0_0/SSS0_TDC21_0_0.xci' is not found in the project sources. It will be removed from the packaged IP when the sources are merged. If still required, please add this file to the project and re-package.
WARNING: [IP_Flow 19-3898] File Group 'xilinx_anylanguagesynthesis (Synthesis)': File 'e:/Pycharmworkplace/VhdlSimulation/AtomicSystemGeneration/SubSystemProject/SSS0/SSS0.srcs/sources_1/bd/SSS0/ip/SSS0_I1_wrapper_0_0/SSS0_I1_wrapper_0_0.xci' is not found in the project sources. It will be removed from the packaged IP when the sources are merged. If still required, please add this file to the project and re-package.
WARNING: [IP_Flow 19-3898] File Group 'xilinx_anylanguagesynthesis (Synthesis)': File 'e:/Pycharmworkplace/VhdlSimulation/AtomicSystemGeneration/SubSystemProject/SSS0/SSS0.srcs/sources_1/bd/SSS0/ip/SSS0_SSI_0_0/SSS0_SSI_0_0.xci' is not found in the project sources. It will be removed from the packaged IP when the sources are merged. If still required, please add this file to the project and re-package.
WARNING: [IP_Flow 19-3898] File Group 'xilinx_anylanguagesynthesis (Synthesis)': File 'e:/Pycharmworkplace/VhdlSimulation/AtomicSystemGeneration/SubSystemProject/SSS0/SSS0.srcs/sources_1/bd/SSS0/ip/SSS0_TTC23_wrapper_0_0/SSS0_TTC23_wrapper_0_0.xci' is not found in the project sources. It will be removed from the packaged IP when the sources are merged. If still required, please add this file to the project and re-package.
WARNING: [IP_Flow 19-3898] File Group 'xilinx_anylanguagesynthesis (Synthesis)': File 'e:/Pycharmworkplace/VhdlSimulation/AtomicSystemGeneration/SubSystemProject/SSS0/SSS0.srcs/sources_1/bd/SSS0/ip/SSS0_MR_0_0/SSS0_MR_0_0.xci' is not found in the project sources. It will be removed from the packaged IP when the sources are merged. If still required, please add this file to the project and re-package.
WARNING: [IP_Flow 19-3898] File Group 'xilinx_anylanguagesynthesis (Synthesis)': File 'e:/Pycharmworkplace/VhdlSimulation/AtomicSystemGeneration/SubSystemProject/SSS0/SSS0.srcs/sources_1/bd/SSS0/ip/SSS0_MSM19_0_0/SSS0_MSM19_0_0.xci' is not found in the project sources. It will be removed from the packaged IP when the sources are merged. If still required, please add this file to the project and re-package.
WARNING: [IP_Flow 19-3898] File Group 'xilinx_anylanguagesynthesis (Synthesis)': File 'e:/Pycharmworkplace/VhdlSimulation/AtomicSystemGeneration/SubSystemProject/SSS0/SSS0.gen/sources_1/bd/SSS0/synth/SSS0.vhd' is not found in the project sources. It will be removed from the packaged IP when the sources are merged. If still required, please add this file to the project and re-package.
WARNING: [IP_Flow 19-3898] File Group 'xilinx_anylanguagesynthesis (Synthesis)': File 'e:/Pycharmworkplace/VhdlSimulation/AtomicSystemGeneration/SubSystemProject/SSS0/SSS0.gen/sources_1/bd/SSS0/SSS0_ooc.xdc' is not found in the project sources. It will be removed from the packaged IP when the sources are merged. If still required, please add this file to the project and re-package.
WARNING: [IP_Flow 19-3898] File Group 'xilinx_anylanguagesynthesis (Synthesis)': File 'e:/Pycharmworkplace/VhdlSimulation/AtomicSystemGeneration/SubSystemProject/SSS0/SSS0.gen/sources_1/bd/SSS0/hdl/SSS0_wrapper.vhd' is not found in the project sources. It will be removed from the packaged IP when the sources are merged. If still required, please add this file to the project and re-package.
WARNING: [IP_Flow 19-3898] File Group 'xilinx_anylanguagebehavioralsimulation (Simulation)': File 'e:/Pycharmworkplace/VhdlSimulation/AtomicSystemGeneration/SubSystemProject/SSS0/SSS0.srcs/sources_1/bd/SSS0/ip/SSS0_TPI_0_0/SSS0_TPI_0_0.xci' is not found in the project sources. It will be removed from the packaged IP when the sources are merged. If still required, please add this file to the project and re-package.
WARNING: [IP_Flow 19-3898] File Group 'xilinx_anylanguagebehavioralsimulation (Simulation)': File 'e:/Pycharmworkplace/VhdlSimulation/AtomicSystemGeneration/SubSystemProject/SSS0/SSS0.srcs/sources_1/bd/SSS0/ip/SSS0_AD18_0_0/SSS0_AD18_0_0.xci' is not found in the project sources. It will be removed from the packaged IP when the sources are merged. If still required, please add this file to the project and re-package.
WARNING: [IP_Flow 19-3898] File Group 'xilinx_anylanguagebehavioralsimulation (Simulation)': File 'e:/Pycharmworkplace/VhdlSimulation/AtomicSystemGeneration/SubSystemProject/SSS0/SSS0.srcs/sources_1/bd/SSS0/ip/SSS0_TCC20_0_0/SSS0_TCC20_0_0.xci' is not found in the project sources. It will be removed from the packaged IP when the sources are merged. If still required, please add this file to the project and re-package.
WARNING: [IP_Flow 19-3898] File Group 'xilinx_anylanguagebehavioralsimulation (Simulation)': File 'e:/Pycharmworkplace/VhdlSimulation/AtomicSystemGeneration/SubSystemProject/SSS0/SSS0.srcs/sources_1/bd/SSS0/ip/SSS0_TIP13_0_0/SSS0_TIP13_0_0.xci' is not found in the project sources. It will be removed from the packaged IP when the sources are merged. If still required, please add this file to the project and re-package.
WARNING: [IP_Flow 19-3898] File Group 'xilinx_anylanguagebehavioralsimulation (Simulation)': File 'e:/Pycharmworkplace/VhdlSimulation/AtomicSystemGeneration/SubSystemProject/SSS0/SSS0.srcs/sources_1/bd/SSS0/ip/SSS0_GI_0_0/SSS0_GI_0_0.xci' is not found in the project sources. It will be removed from the packaged IP when the sources are merged. If still required, please add this file to the project and re-package.
WARNING: [IP_Flow 19-3898] File Group 'xilinx_anylanguagebehavioralsimulation (Simulation)': File 'e:/Pycharmworkplace/VhdlSimulation/AtomicSystemGeneration/SubSystemProject/SSS0/SSS0.srcs/sources_1/bd/SSS0/ip/SSS0_DA14_wrapper_0_0/SSS0_DA14_wrapper_0_0.xci' is not found in the project sources. It will be removed from the packaged IP when the sources are merged. If still required, please add this file to the project and re-package.
WARNING: [IP_Flow 19-3898] File Group 'xilinx_anylanguagebehavioralsimulation (Simulation)': File 'e:/Pycharmworkplace/VhdlSimulation/AtomicSystemGeneration/SubSystemProject/SSS0/SSS0.srcs/sources_1/bd/SSS0/ip/SSS0_TP22_0_0/SSS0_TP22_0_0.xci' is not found in the project sources. It will be removed from the packaged IP when the sources are merged. If still required, please add this file to the project and re-package.
WARNING: [IP_Flow 19-3898] File Group 'xilinx_anylanguagebehavioralsimulation (Simulation)': File 'e:/Pycharmworkplace/VhdlSimulation/AtomicSystemGeneration/SubSystemProject/SSS0/SSS0.srcs/sources_1/bd/SSS0/ip/SSS0_TDC21_0_0/SSS0_TDC21_0_0.xci' is not found in the project sources. It will be removed from the packaged IP when the sources are merged. If still required, please add this file to the project and re-package.
WARNING: [IP_Flow 19-3898] File Group 'xilinx_anylanguagebehavioralsimulation (Simulation)': File 'e:/Pycharmworkplace/VhdlSimulation/AtomicSystemGeneration/SubSystemProject/SSS0/SSS0.srcs/sources_1/bd/SSS0/ip/SSS0_I1_wrapper_0_0/SSS0_I1_wrapper_0_0.xci' is not found in the project sources. It will be removed from the packaged IP when the sources are merged. If still required, please add this file to the project and re-package.
WARNING: [IP_Flow 19-3898] File Group 'xilinx_anylanguagebehavioralsimulation (Simulation)': File 'e:/Pycharmworkplace/VhdlSimulation/AtomicSystemGeneration/SubSystemProject/SSS0/SSS0.srcs/sources_1/bd/SSS0/ip/SSS0_SSI_0_0/SSS0_SSI_0_0.xci' is not found in the project sources. It will be removed from the packaged IP when the sources are merged. If still required, please add this file to the project and re-package.
WARNING: [IP_Flow 19-3898] File Group 'xilinx_anylanguagebehavioralsimulation (Simulation)': File 'e:/Pycharmworkplace/VhdlSimulation/AtomicSystemGeneration/SubSystemProject/SSS0/SSS0.srcs/sources_1/bd/SSS0/ip/SSS0_TTC23_wrapper_0_0/SSS0_TTC23_wrapper_0_0.xci' is not found in the project sources. It will be removed from the packaged IP when the sources are merged. If still required, please add this file to the project and re-package.
WARNING: [IP_Flow 19-3898] File Group 'xilinx_anylanguagebehavioralsimulation (Simulation)': File 'e:/Pycharmworkplace/VhdlSimulation/AtomicSystemGeneration/SubSystemProject/SSS0/SSS0.srcs/sources_1/bd/SSS0/ip/SSS0_MR_0_0/SSS0_MR_0_0.xci' is not found in the project sources. It will be removed from the packaged IP when the sources are merged. If still required, please add this file to the project and re-package.
WARNING: [IP_Flow 19-3898] File Group 'xilinx_anylanguagebehavioralsimulation (Simulation)': File 'e:/Pycharmworkplace/VhdlSimulation/AtomicSystemGeneration/SubSystemProject/SSS0/SSS0.srcs/sources_1/bd/SSS0/ip/SSS0_MSM19_0_0/SSS0_MSM19_0_0.xci' is not found in the project sources. It will be removed from the packaged IP when the sources are merged. If still required, please add this file to the project and re-package.
WARNING: [IP_Flow 19-3898] File Group 'xilinx_anylanguagebehavioralsimulation (Simulation)': File 'e:/Pycharmworkplace/VhdlSimulation/AtomicSystemGeneration/SubSystemProject/SSS0/SSS0.gen/sources_1/bd/SSS0/sim/SSS0.vhd' is not found in the project sources. It will be removed from the packaged IP when the sources are merged. If still required, please add this file to the project and re-package.
WARNING: [IP_Flow 19-3898] File Group 'xilinx_anylanguagebehavioralsimulation (Simulation)': File 'e:/Pycharmworkplace/VhdlSimulation/AtomicSystemGeneration/SubSystemProject/SSS0/SSS0.gen/sources_1/bd/SSS0/hdl/SSS0_wrapper.vhd' is not found in the project sources. It will be removed from the packaged IP when the sources are merged. If still required, please add this file to the project and re-package.
ipx::merge_project_changes ports [ipx::current_core]
CRITICAL WARNING: [filemgmt 20-1365] Unable to generate target(s) for the following file is locked: E:/Pycharmworkplace/VhdlSimulation/AtomicSystemGeneration/SubSystemProject/SSS0/SSS0.srcs/sources_1/bd/SSS0/SSS0.bd
Locked reason: 
* Block design contains locked IPs. Please run report_ip_status for more details and recommendations on how to fix this issue. 
List of locked IPs: 
SSS0_SSS0Dependency_0_0

WARNING: [IP_Flow 19-5226] Project source file 'e:/Pycharmworkplace/VhdlSimulation/AtomicSystemGeneration/SubSystemProject/SSS0/component.xml' ignored by IP packager.
open_bd_design {E:/Pycharmworkplace/VhdlSimulation/AtomicSystemGeneration/SubSystemProject/SSS0/SSS0.srcs/sources_1/bd/SSS0/SSS0.bd}
close_project
open_project E:/Pycharmworkplace/VhdlSimulation/AtomicSystemGeneration/SubSystemProject/SSS0/SSS0.xpr
Scanning sources...
Finished scanning sources
INFO: [IP_Flow 19-234] Refreshing IP repositories
INFO: [IP_Flow 19-1700] Loaded user IP repository 'e:/Pycharmworkplace/VhdlSimulation/AtomicSystemGeneration'.
WARNING: [IP_Flow 19-3656] If you move the project, the path for repository 'e:/Pycharmworkplace/VhdlSimulation/AtomicSystemGeneration' may become invalid. A better location for the repository would be in a path adjacent to the project. (Current project location is 'e:/Pycharmworkplace/VhdlSimulation/AtomicSystemGeneration/SubSystemProject/SSS0'.)
INFO: [IP_Flow 19-2313] Loaded Vivado IP repository 'E:/xilinx/Vivado/2021.1/data/ip'.
WARNING: [BD 41-1661] One or more IPs have been locked in the design 'SSS0.bd'. Please run report_ip_status for more details and recommendations on how to fix this issue.
List of locked IPs:
SSS0_SSS0Dependency_0_0

open_bd_design {E:/Pycharmworkplace/VhdlSimulation/AtomicSystemGeneration/SubSystemProject/SSS0/SSS0.srcs/sources_1/bd/SSS0/SSS0.bd}
Reading block design file <E:/Pycharmworkplace/VhdlSimulation/AtomicSystemGeneration/SubSystemProject/SSS0/SSS0.srcs/sources_1/bd/SSS0/SSS0.bd>...
Adding component instance block -- xilinx.com:user:SSS0Dependency:1.0 - SSS0Dependency_0
Adding component instance block -- xilinx.com:user:TPI:1.0 - TPI_0
Adding component instance block -- xilinx.com:user:AD18:1.0 - AD18_0
Adding component instance block -- xilinx.com:user:TCC20:1.0 - TCC20_0
Adding component instance block -- xilinx.com:user:TIP13:1.0 - TIP13_0
Adding component instance block -- xilinx.com:user:GI:1.0 - GI_0
Adding component instance block -- xilinx.com:user:DA14_wrapper:1.0 - DA14_wrapper_0
Adding component instance block -- xilinx.com:user:TP22:1.0 - TP22_0
Adding component instance block -- xilinx.com:user:TDC21:1.0 - TDC21_0
Adding component instance block -- xilinx.com:user:I1_wrapper:1.0 - I1_wrapper_0
Adding component instance block -- xilinx.com:user:SSI:1.0 - SSI_0
Adding component instance block -- xilinx.com:user:TTC23_wrapper:1.0 - TTC23_wrapper_0
Adding component instance block -- xilinx.com:user:MR:1.0 - MR_0
Adding component instance block -- xilinx.com:user:MSM19:1.0 - MSM19_0
Successfully read diagram <SSS0> from block design file <E:/Pycharmworkplace/VhdlSimulation/AtomicSystemGeneration/SubSystemProject/SSS0/SSS0.srcs/sources_1/bd/SSS0/SSS0.bd>
report_ip_status -name ip_status 
update_compile_order -fileset sources_1
upgrade_ip -vlnv xilinx.com:user:SSS0Dependency:1.0 [get_ips  SSS0_SSS0Dependency_0_0] -log ip_upgrade.log
Upgrading 'E:/Pycharmworkplace/VhdlSimulation/AtomicSystemGeneration/SubSystemProject/SSS0/SSS0.srcs/sources_1/bd/SSS0/SSS0.bd'
INFO: [IP_Flow 19-3422] Upgraded SSS0_SSS0Dependency_0_0 (SSS0Dependency_v1_0 1.0) from revision 1 to revision 2
WARNING: [IP_Flow 19-4698] Upgrade has added port 'interruptsignal'
WARNING: [IP_Flow 19-3298] Detected external port differences while upgrading 'SSS0_SSS0Dependency_0_0'. These changes may impact your design.
CRITICAL WARNING: [Coretcl 2-1279] The upgrade of 'SSS0_SSS0Dependency_0_0' has identified issues that may require user intervention. Please review the upgrade log 'e:/Pycharmworkplace/VhdlSimulation/AtomicSystemGeneration/SubSystemProject/SSS0/ip_upgrade.log', and verify that the upgraded IP is correctly configured.
Wrote  : <E:\Pycharmworkplace\VhdlSimulation\AtomicSystemGeneration\SubSystemProject\SSS0\SSS0.srcs\sources_1\bd\SSS0\SSS0.bd> 
Wrote  : <E:/Pycharmworkplace/VhdlSimulation/AtomicSystemGeneration/SubSystemProject/SSS0/SSS0.srcs/sources_1/bd/SSS0/ui/bd_638df69d.ui> 
INFO: [Coretcl 2-1525] Wrote upgrade log to 'E:/Pycharmworkplace/VhdlSimulation/AtomicSystemGeneration/SubSystemProject/SSS0/ip_upgrade.log'.
export_ip_user_files -of_objects [get_ips SSS0_SSS0Dependency_0_0] -no_script -sync -force -quiet
startgroup
make_bd_pins_external  [get_bd_pins SSS0Dependency_0/interruptsignal]
endgroup
save_bd_design
Wrote  : <E:\Pycharmworkplace\VhdlSimulation\AtomicSystemGeneration\SubSystemProject\SSS0\SSS0.srcs\sources_1\bd\SSS0\SSS0.bd> 
Wrote  : <E:/Pycharmworkplace/VhdlSimulation/AtomicSystemGeneration/SubSystemProject/SSS0/SSS0.srcs/sources_1/bd/SSS0/ui/bd_638df69d.ui> 
ipx::open_ipxact_file E:/Pycharmworkplace/VhdlSimulation/AtomicSystemGeneration/SubSystemProject/SSS0/component.xml
Wrote  : <E:\Pycharmworkplace\VhdlSimulation\AtomicSystemGeneration\SubSystemProject\SSS0\SSS0.srcs\sources_1\bd\SSS0\SSS0.bd> 
VHDL Output written to : e:/Pycharmworkplace/VhdlSimulation/AtomicSystemGeneration/SubSystemProject/SSS0/SSS0.gen/sources_1/bd/SSS0/synth/SSS0.vhd
VHDL Output written to : e:/Pycharmworkplace/VhdlSimulation/AtomicSystemGeneration/SubSystemProject/SSS0/SSS0.gen/sources_1/bd/SSS0/sim/SSS0.vhd
VHDL Output written to : e:/Pycharmworkplace/VhdlSimulation/AtomicSystemGeneration/SubSystemProject/SSS0/SSS0.gen/sources_1/bd/SSS0/hdl/SSS0_wrapper.vhd
INFO: [BD 41-1029] Generation completed for the IP Integrator block SSS0Dependency_0 .
ERROR: [Common 17-680] Path length exceeds 248-Byte maximum allowed by Windows: e:/Pycharmworkplace/VhdlSimulation/AtomicSystemGeneration/SubSystemProject/SSS0/SSS0.gen/sources_1/bd/SSS0/ip/SSS0_I1_wrapper_0_0/I1.srcs/sources_1/bd/I1/ip/I1_TI9_wrapper_0_0/TI9.srcs/sources_1/bd/TI9/ipshared/e319/TI9Dependency.srcs/sources_1/new
Please consider using the OS subst command to shorten the path length by mapping part of the path to a virtual drive letter. See Answer Record AR52787 for more information.
Resolution: In Windows 7 or later, the mklink command can also be used to create a symbolic link and shorten the path.
ERROR: [BD 41-1030] Generation failed for the IP Integrator block I1_wrapper_0 
Exporting to file e:/Pycharmworkplace/VhdlSimulation/AtomicSystemGeneration/SubSystemProject/SSS0/SSS0.gen/sources_1/bd/SSS0/hw_handoff/SSS0.hwh
Generated Block Design Tcl file e:/Pycharmworkplace/VhdlSimulation/AtomicSystemGeneration/SubSystemProject/SSS0/SSS0.gen/sources_1/bd/SSS0/hw_handoff/SSS0_bd.tcl
Generated Hardware Definition File e:/Pycharmworkplace/VhdlSimulation/AtomicSystemGeneration/SubSystemProject/SSS0/SSS0.gen/sources_1/bd/SSS0/synth/SSS0.hwdef
WARNING: [IP_Flow 19-5226] Project source file 'e:/Pycharmworkplace/VhdlSimulation/AtomicSystemGeneration/SubSystemProject/SSS0/component.xml' ignored by IP packager.
WARNING: [IP_Flow 19-3898] File Group 'xilinx_anylanguagesynthesis (Synthesis)': File 'e:/Pycharmworkplace/VhdlSimulation/AtomicSystemGeneration/SubSystemProject/SSS0/SSS0.srcs/sources_1/bd/SSS0/ip/SSS0_SSS0Dependency_0_0/SSS0_SSS0Dependency_0_0.xci' is not found in the project sources. It will be removed from the packaged IP when the sources are merged. If still required, please add this file to the project and re-package.
WARNING: [IP_Flow 19-3898] File Group 'xilinx_anylanguagesynthesis (Synthesis)': File 'e:/Pycharmworkplace/VhdlSimulation/AtomicSystemGeneration/SubSystemProject/SSS0/SSS0.srcs/sources_1/bd/SSS0/ip/SSS0_TPI_0_0/SSS0_TPI_0_0.xci' is not found in the project sources. It will be removed from the packaged IP when the sources are merged. If still required, please add this file to the project and re-package.
WARNING: [IP_Flow 19-3898] File Group 'xilinx_anylanguagesynthesis (Synthesis)': File 'e:/Pycharmworkplace/VhdlSimulation/AtomicSystemGeneration/SubSystemProject/SSS0/SSS0.srcs/sources_1/bd/SSS0/ip/SSS0_AD18_0_0/SSS0_AD18_0_0.xci' is not found in the project sources. It will be removed from the packaged IP when the sources are merged. If still required, please add this file to the project and re-package.
WARNING: [IP_Flow 19-3898] File Group 'xilinx_anylanguagesynthesis (Synthesis)': File 'e:/Pycharmworkplace/VhdlSimulation/AtomicSystemGeneration/SubSystemProject/SSS0/SSS0.srcs/sources_1/bd/SSS0/ip/SSS0_TCC20_0_0/SSS0_TCC20_0_0.xci' is not found in the project sources. It will be removed from the packaged IP when the sources are merged. If still required, please add this file to the project and re-package.
WARNING: [IP_Flow 19-3898] File Group 'xilinx_anylanguagesynthesis (Synthesis)': File 'e:/Pycharmworkplace/VhdlSimulation/AtomicSystemGeneration/SubSystemProject/SSS0/SSS0.srcs/sources_1/bd/SSS0/ip/SSS0_TIP13_0_0/SSS0_TIP13_0_0.xci' is not found in the project sources. It will be removed from the packaged IP when the sources are merged. If still required, please add this file to the project and re-package.
WARNING: [IP_Flow 19-3898] File Group 'xilinx_anylanguagesynthesis (Synthesis)': File 'e:/Pycharmworkplace/VhdlSimulation/AtomicSystemGeneration/SubSystemProject/SSS0/SSS0.srcs/sources_1/bd/SSS0/ip/SSS0_GI_0_0/SSS0_GI_0_0.xci' is not found in the project sources. It will be removed from the packaged IP when the sources are merged. If still required, please add this file to the project and re-package.
WARNING: [IP_Flow 19-3898] File Group 'xilinx_anylanguagesynthesis (Synthesis)': File 'e:/Pycharmworkplace/VhdlSimulation/AtomicSystemGeneration/SubSystemProject/SSS0/SSS0.srcs/sources_1/bd/SSS0/ip/SSS0_DA14_wrapper_0_0/SSS0_DA14_wrapper_0_0.xci' is not found in the project sources. It will be removed from the packaged IP when the sources are merged. If still required, please add this file to the project and re-package.
WARNING: [IP_Flow 19-3898] File Group 'xilinx_anylanguagesynthesis (Synthesis)': File 'e:/Pycharmworkplace/VhdlSimulation/AtomicSystemGeneration/SubSystemProject/SSS0/SSS0.srcs/sources_1/bd/SSS0/ip/SSS0_TP22_0_0/SSS0_TP22_0_0.xci' is not found in the project sources. It will be removed from the packaged IP when the sources are merged. If still required, please add this file to the project and re-package.
WARNING: [IP_Flow 19-3898] File Group 'xilinx_anylanguagesynthesis (Synthesis)': File 'e:/Pycharmworkplace/VhdlSimulation/AtomicSystemGeneration/SubSystemProject/SSS0/SSS0.srcs/sources_1/bd/SSS0/ip/SSS0_TDC21_0_0/SSS0_TDC21_0_0.xci' is not found in the project sources. It will be removed from the packaged IP when the sources are merged. If still required, please add this file to the project and re-package.
WARNING: [IP_Flow 19-3898] File Group 'xilinx_anylanguagesynthesis (Synthesis)': File 'e:/Pycharmworkplace/VhdlSimulation/AtomicSystemGeneration/SubSystemProject/SSS0/SSS0.srcs/sources_1/bd/SSS0/ip/SSS0_I1_wrapper_0_0/SSS0_I1_wrapper_0_0.xci' is not found in the project sources. It will be removed from the packaged IP when the sources are merged. If still required, please add this file to the project and re-package.
WARNING: [IP_Flow 19-3898] File Group 'xilinx_anylanguagesynthesis (Synthesis)': File 'e:/Pycharmworkplace/VhdlSimulation/AtomicSystemGeneration/SubSystemProject/SSS0/SSS0.srcs/sources_1/bd/SSS0/ip/SSS0_SSI_0_0/SSS0_SSI_0_0.xci' is not found in the project sources. It will be removed from the packaged IP when the sources are merged. If still required, please add this file to the project and re-package.
WARNING: [IP_Flow 19-3898] File Group 'xilinx_anylanguagesynthesis (Synthesis)': File 'e:/Pycharmworkplace/VhdlSimulation/AtomicSystemGeneration/SubSystemProject/SSS0/SSS0.srcs/sources_1/bd/SSS0/ip/SSS0_TTC23_wrapper_0_0/SSS0_TTC23_wrapper_0_0.xci' is not found in the project sources. It will be removed from the packaged IP when the sources are merged. If still required, please add this file to the project and re-package.
WARNING: [IP_Flow 19-3898] File Group 'xilinx_anylanguagesynthesis (Synthesis)': File 'e:/Pycharmworkplace/VhdlSimulation/AtomicSystemGeneration/SubSystemProject/SSS0/SSS0.srcs/sources_1/bd/SSS0/ip/SSS0_MR_0_0/SSS0_MR_0_0.xci' is not found in the project sources. It will be removed from the packaged IP when the sources are merged. If still required, please add this file to the project and re-package.
WARNING: [IP_Flow 19-3898] File Group 'xilinx_anylanguagesynthesis (Synthesis)': File 'e:/Pycharmworkplace/VhdlSimulation/AtomicSystemGeneration/SubSystemProject/SSS0/SSS0.srcs/sources_1/bd/SSS0/ip/SSS0_MSM19_0_0/SSS0_MSM19_0_0.xci' is not found in the project sources. It will be removed from the packaged IP when the sources are merged. If still required, please add this file to the project and re-package.
WARNING: [IP_Flow 19-3898] File Group 'xilinx_anylanguagesynthesis (Synthesis)': File 'e:/Pycharmworkplace/VhdlSimulation/AtomicSystemGeneration/SubSystemProject/SSS0/SSS0.gen/sources_1/bd/SSS0/synth/SSS0.vhd' is not found in the project sources. It will be removed from the packaged IP when the sources are merged. If still required, please add this file to the project and re-package.
WARNING: [IP_Flow 19-3898] File Group 'xilinx_anylanguagesynthesis (Synthesis)': File 'e:/Pycharmworkplace/VhdlSimulation/AtomicSystemGeneration/SubSystemProject/SSS0/SSS0.gen/sources_1/bd/SSS0/SSS0_ooc.xdc' is not found in the project sources. It will be removed from the packaged IP when the sources are merged. If still required, please add this file to the project and re-package.
WARNING: [IP_Flow 19-3898] File Group 'xilinx_anylanguagesynthesis (Synthesis)': File 'e:/Pycharmworkplace/VhdlSimulation/AtomicSystemGeneration/SubSystemProject/SSS0/SSS0.gen/sources_1/bd/SSS0/hdl/SSS0_wrapper.vhd' is not found in the project sources. It will be removed from the packaged IP when the sources are merged. If still required, please add this file to the project and re-package.
WARNING: [IP_Flow 19-3898] File Group 'xilinx_anylanguagebehavioralsimulation (Simulation)': File 'e:/Pycharmworkplace/VhdlSimulation/AtomicSystemGeneration/SubSystemProject/SSS0/SSS0.srcs/sources_1/bd/SSS0/ip/SSS0_SSS0Dependency_0_0/SSS0_SSS0Dependency_0_0.xci' is not found in the project sources. It will be removed from the packaged IP when the sources are merged. If still required, please add this file to the project and re-package.
WARNING: [IP_Flow 19-3898] File Group 'xilinx_anylanguagebehavioralsimulation (Simulation)': File 'e:/Pycharmworkplace/VhdlSimulation/AtomicSystemGeneration/SubSystemProject/SSS0/SSS0.srcs/sources_1/bd/SSS0/ip/SSS0_TPI_0_0/SSS0_TPI_0_0.xci' is not found in the project sources. It will be removed from the packaged IP when the sources are merged. If still required, please add this file to the project and re-package.
WARNING: [IP_Flow 19-3898] File Group 'xilinx_anylanguagebehavioralsimulation (Simulation)': File 'e:/Pycharmworkplace/VhdlSimulation/AtomicSystemGeneration/SubSystemProject/SSS0/SSS0.srcs/sources_1/bd/SSS0/ip/SSS0_AD18_0_0/SSS0_AD18_0_0.xci' is not found in the project sources. It will be removed from the packaged IP when the sources are merged. If still required, please add this file to the project and re-package.
WARNING: [IP_Flow 19-3898] File Group 'xilinx_anylanguagebehavioralsimulation (Simulation)': File 'e:/Pycharmworkplace/VhdlSimulation/AtomicSystemGeneration/SubSystemProject/SSS0/SSS0.srcs/sources_1/bd/SSS0/ip/SSS0_TCC20_0_0/SSS0_TCC20_0_0.xci' is not found in the project sources. It will be removed from the packaged IP when the sources are merged. If still required, please add this file to the project and re-package.
WARNING: [IP_Flow 19-3898] File Group 'xilinx_anylanguagebehavioralsimulation (Simulation)': File 'e:/Pycharmworkplace/VhdlSimulation/AtomicSystemGeneration/SubSystemProject/SSS0/SSS0.srcs/sources_1/bd/SSS0/ip/SSS0_TIP13_0_0/SSS0_TIP13_0_0.xci' is not found in the project sources. It will be removed from the packaged IP when the sources are merged. If still required, please add this file to the project and re-package.
WARNING: [IP_Flow 19-3898] File Group 'xilinx_anylanguagebehavioralsimulation (Simulation)': File 'e:/Pycharmworkplace/VhdlSimulation/AtomicSystemGeneration/SubSystemProject/SSS0/SSS0.srcs/sources_1/bd/SSS0/ip/SSS0_GI_0_0/SSS0_GI_0_0.xci' is not found in the project sources. It will be removed from the packaged IP when the sources are merged. If still required, please add this file to the project and re-package.
WARNING: [IP_Flow 19-3898] File Group 'xilinx_anylanguagebehavioralsimulation (Simulation)': File 'e:/Pycharmworkplace/VhdlSimulation/AtomicSystemGeneration/SubSystemProject/SSS0/SSS0.srcs/sources_1/bd/SSS0/ip/SSS0_DA14_wrapper_0_0/SSS0_DA14_wrapper_0_0.xci' is not found in the project sources. It will be removed from the packaged IP when the sources are merged. If still required, please add this file to the project and re-package.
WARNING: [IP_Flow 19-3898] File Group 'xilinx_anylanguagebehavioralsimulation (Simulation)': File 'e:/Pycharmworkplace/VhdlSimulation/AtomicSystemGeneration/SubSystemProject/SSS0/SSS0.srcs/sources_1/bd/SSS0/ip/SSS0_TP22_0_0/SSS0_TP22_0_0.xci' is not found in the project sources. It will be removed from the packaged IP when the sources are merged. If still required, please add this file to the project and re-package.
WARNING: [IP_Flow 19-3898] File Group 'xilinx_anylanguagebehavioralsimulation (Simulation)': File 'e:/Pycharmworkplace/VhdlSimulation/AtomicSystemGeneration/SubSystemProject/SSS0/SSS0.srcs/sources_1/bd/SSS0/ip/SSS0_TDC21_0_0/SSS0_TDC21_0_0.xci' is not found in the project sources. It will be removed from the packaged IP when the sources are merged. If still required, please add this file to the project and re-package.
WARNING: [IP_Flow 19-3898] File Group 'xilinx_anylanguagebehavioralsimulation (Simulation)': File 'e:/Pycharmworkplace/VhdlSimulation/AtomicSystemGeneration/SubSystemProject/SSS0/SSS0.srcs/sources_1/bd/SSS0/ip/SSS0_I1_wrapper_0_0/SSS0_I1_wrapper_0_0.xci' is not found in the project sources. It will be removed from the packaged IP when the sources are merged. If still required, please add this file to the project and re-package.
WARNING: [IP_Flow 19-3898] File Group 'xilinx_anylanguagebehavioralsimulation (Simulation)': File 'e:/Pycharmworkplace/VhdlSimulation/AtomicSystemGeneration/SubSystemProject/SSS0/SSS0.srcs/sources_1/bd/SSS0/ip/SSS0_SSI_0_0/SSS0_SSI_0_0.xci' is not found in the project sources. It will be removed from the packaged IP when the sources are merged. If still required, please add this file to the project and re-package.
WARNING: [IP_Flow 19-3898] File Group 'xilinx_anylanguagebehavioralsimulation (Simulation)': File 'e:/Pycharmworkplace/VhdlSimulation/AtomicSystemGeneration/SubSystemProject/SSS0/SSS0.srcs/sources_1/bd/SSS0/ip/SSS0_TTC23_wrapper_0_0/SSS0_TTC23_wrapper_0_0.xci' is not found in the project sources. It will be removed from the packaged IP when the sources are merged. If still required, please add this file to the project and re-package.
WARNING: [IP_Flow 19-3898] File Group 'xilinx_anylanguagebehavioralsimulation (Simulation)': File 'e:/Pycharmworkplace/VhdlSimulation/AtomicSystemGeneration/SubSystemProject/SSS0/SSS0.srcs/sources_1/bd/SSS0/ip/SSS0_MR_0_0/SSS0_MR_0_0.xci' is not found in the project sources. It will be removed from the packaged IP when the sources are merged. If still required, please add this file to the project and re-package.
WARNING: [IP_Flow 19-3898] File Group 'xilinx_anylanguagebehavioralsimulation (Simulation)': File 'e:/Pycharmworkplace/VhdlSimulation/AtomicSystemGeneration/SubSystemProject/SSS0/SSS0.srcs/sources_1/bd/SSS0/ip/SSS0_MSM19_0_0/SSS0_MSM19_0_0.xci' is not found in the project sources. It will be removed from the packaged IP when the sources are merged. If still required, please add this file to the project and re-package.
WARNING: [IP_Flow 19-3898] File Group 'xilinx_anylanguagebehavioralsimulation (Simulation)': File 'e:/Pycharmworkplace/VhdlSimulation/AtomicSystemGeneration/SubSystemProject/SSS0/SSS0.gen/sources_1/bd/SSS0/sim/SSS0.vhd' is not found in the project sources. It will be removed from the packaged IP when the sources are merged. If still required, please add this file to the project and re-package.
WARNING: [IP_Flow 19-3898] File Group 'xilinx_anylanguagebehavioralsimulation (Simulation)': File 'e:/Pycharmworkplace/VhdlSimulation/AtomicSystemGeneration/SubSystemProject/SSS0/SSS0.gen/sources_1/bd/SSS0/hdl/SSS0_wrapper.vhd' is not found in the project sources. It will be removed from the packaged IP when the sources are merged. If still required, please add this file to the project and re-package.
ipx::open_ipxact_file: Time (s): cpu = 00:00:05 ; elapsed = 00:00:08 . Memory (MB): peak = 1282.195 ; gain = 146.312
ERROR: [Common 17-39] 'ipx::open_ipxact_file' failed due to earlier errors.
ipx::merge_project_changes ports [ipx::current_core]
ERROR: [Common 17-680] Path length exceeds 248-Byte maximum allowed by Windows: e:/Pycharmworkplace/VhdlSimulation/AtomicSystemGeneration/SubSystemProject/SSS0/SSS0.gen/sources_1/bd/SSS0/ip/SSS0_I1_wrapper_0_0/I1.srcs/sources_1/bd/I1/ip/I1_TI9_wrapper_0_0/TI9.srcs/sources_1/bd/TI9/ipshared/e319/TI9Dependency.srcs/sources_1/new
Please consider using the OS subst command to shorten the path length by mapping part of the path to a virtual drive letter. See Answer Record AR52787 for more information.
Resolution: In Windows 7 or later, the mklink command can also be used to create a symbolic link and shorten the path.
ERROR: [BD 41-1030] Generation failed for the IP Integrator block I1_wrapper_0 
WARNING: [IP_Flow 19-5226] Project source file 'e:/Pycharmworkplace/VhdlSimulation/AtomicSystemGeneration/SubSystemProject/SSS0/component.xml' ignored by IP packager.
ERROR: [Common 17-39] 'ipx::merge_project_changes' failed due to earlier errors.
set_property core_revision 2 [ipx::current_core]
ipx::create_xgui_files [ipx::current_core]
ipx::update_checksums [ipx::current_core]
ipx::check_integrity [ipx::current_core]
INFO: [IP_Flow 19-2181] Payment Required is not set for this core.
INFO: [IP_Flow 19-2187] The Product Guide file is missing.
INFO: [Ipptcl 7-1486] check_integrity: Integrity check passed.
ipx::save_core [ipx::current_core]
update_ip_catalog -rebuild -repo_path e:/Pycharmworkplace/VhdlSimulation/AtomicSystemGeneration
INFO: [IP_Flow 19-725] Reloaded user IP repository 'e:/Pycharmworkplace/VhdlSimulation/AtomicSystemGeneration'
close_project
update_ip_catalog -rebuild -scan_changes
INFO: [IP_Flow 19-234] Refreshing IP repositories
INFO: [IP_Flow 19-1700] Loaded user IP repository 'e:/Pycharmworkplace/VhdlSimulation/AtomicSystemGeneration'.
WARNING: [IP_Flow 19-3656] If you move the project, the path for repository 'e:/Pycharmworkplace/VhdlSimulation/AtomicSystemGeneration' may become invalid. A better location for the repository would be in a path adjacent to the project. (Current project location is 'e:/Pycharmworkplace/VhdlSimulation/AtomicSystemGeneration/SystemProject/SSS0all'.)
report_ip_status -name ip_status
upgrade_ip -vlnv xilinx.com:user:SSS0_wrapper:1.0 [get_ips  SSS0all_SSS0_wrapper_0_0] -log ip_upgrade.log
Upgrading 'E:/Pycharmworkplace/VhdlSimulation/AtomicSystemGeneration/SystemProject/SSS0all/SSS0all.srcs/sources_1/bd/SSS0all/SSS0all.bd'
INFO: [IP_Flow 19-3422] Upgraded SSS0all_SSS0_wrapper_0_0 (SSS0_wrapper_v1_0 1.0) from revision 1 to revision 2
WARNING: [IP_Flow 19-4698] Upgrade has added port 'interruptsignal_0'
WARNING: [IP_Flow 19-3298] Detected external port differences while upgrading 'SSS0all_SSS0_wrapper_0_0'. These changes may impact your design.
CRITICAL WARNING: [Coretcl 2-1279] The upgrade of 'SSS0all_SSS0_wrapper_0_0' has identified issues that may require user intervention. Please review the upgrade log 'e:/Pycharmworkplace/VhdlSimulation/AtomicSystemGeneration/SystemProject/SSS0all/ip_upgrade.log', and verify that the upgraded IP is correctly configured.
Wrote  : <E:\Pycharmworkplace\VhdlSimulation\AtomicSystemGeneration\SystemProject\SSS0all\SSS0all.srcs\sources_1\bd\SSS0all\SSS0all.bd> 
Wrote  : <E:/Pycharmworkplace/VhdlSimulation/AtomicSystemGeneration/SystemProject/SSS0all/SSS0all.srcs/sources_1/bd/SSS0all/ui/bd_7b207104.ui> 
INFO: [Coretcl 2-1525] Wrote upgrade log to 'E:/Pycharmworkplace/VhdlSimulation/AtomicSystemGeneration/SystemProject/SSS0all/ip_upgrade.log'.
export_ip_user_files -of_objects [get_ips SSS0all_SSS0_wrapper_0_0] -no_script -sync -force -quiet
connect_bd_net [get_bd_pins IT_0/interruptsignal] [get_bd_pins SSS0_wrapper_0/interruptsignal_0]
connect_bd_net [get_bd_ports clk_0_0] [get_bd_pins IT_0/clk]
connect_bd_net [get_bd_ports rst_0_0] [get_bd_pins IT_0/reset]
save_bd_design
Wrote  : <E:\Pycharmworkplace\VhdlSimulation\AtomicSystemGeneration\SystemProject\SSS0all\SSS0all.srcs\sources_1\bd\SSS0all\SSS0all.bd> 
Wrote  : <E:/Pycharmworkplace/VhdlSimulation/AtomicSystemGeneration/SystemProject/SSS0all/SSS0all.srcs/sources_1/bd/SSS0all/ui/bd_7b207104.ui> 
exit
INFO: [Common 17-206] Exiting Vivado at Wed May 31 09:52:43 2023...
