Copyright 1986-2021 Xilinx, Inc. All Rights Reserved.
------------------------------------------------------------------------------------
| Tool Version : Vivado v.2021.1 (win64) Build 3247384 Thu Jun 10 19:36:33 MDT 2021
| Date         : Wed May 31 09:51:14 2023
| Host         : LAPTOP-3BUPBFF6 running 64-bit major release  (build 9200)
| Command      : upgrade_ip
| Device       : xc7k70tfbv676-1
------------------------------------------------------------------------------------

Upgrade Log for IP 'SSS0all_SSS0_wrapper_0_0'

1. Summary
----------

CAUTION (success, with warnings) in the upgrade of SSS0all_SSS0_wrapper_0_0 (xilinx.com:user:SSS0_wrapper:1.0) from (Rev. 1) to (Rev. 2)

After upgrade, an IP may have parameter and port differences compared to the original customization. Please review the parameters within the IP customization GUI to ensure proper functionality. Also, please review the updated IP instantiation template to ensure proper connectivity, and update your design if required.

2. Connection Warnings
----------------------

Detected external port differences while upgrading 'SSS0all_SSS0_wrapper_0_0'. These changes may impact your design.


-Upgrade has added port 'interruptsignal_0'







Copyright 1986-2021 Xilinx, Inc. All Rights Reserved.
------------------------------------------------------------------------------------
| Tool Version : Vivado v.2021.1 (win64) Build 3247384 Thu Jun 10 19:36:33 MDT 2021
| Date         : Wed May 31 09:48:36 2023
| Host         : LAPTOP-3BUPBFF6 running 64-bit major release  (build 9200)
| Command      : upgrade_ip
| Device       : xc7k70tfbv676-1
------------------------------------------------------------------------------------

Upgrade Log for IP 'SSS0all_IT_0_0'

1. Summary
----------

CAUTION (success, with warnings) in the upgrade of SSS0all_IT_0_0 (xilinx.com:user:IT:1.0) from (Rev. 1) to (Rev. 2)

After upgrade, an IP may have parameter and port differences compared to the original customization. Please review the parameters within the IP customization GUI to ensure proper functionality. Also, please review the updated IP instantiation template to ensure proper connectivity, and update your design if required.

2. Interface Information
------------------------

Detected external interface differences while upgrading 'SSS0all_IT_0_0'.


-Upgrade has added interface 'clk' (xilinx.com:signal:clock:1.0)

-Upgrade has added interface 'reset' (xilinx.com:signal:reset:1.0)


3. Connection Warnings
----------------------

Detected external port differences while upgrading 'SSS0all_IT_0_0'. These changes may impact your design.


-Upgrade has added port 'clk'

-Upgrade has added port 'interruptsignal'

-Upgrade has added port 'reset'


