INFO: [VRFC 10-163] Analyzing VHDL file "E:/Pycharmworkplace/VhdlSimulation/AtomicSystemGeneration/SystemProject/SSS0all/SSS0all.gen/sources_1/bd/SSS0all/ipshared/7707/G.srcs/sources_1/new/G.vhd" into library xil_defaultlib
INFO: [VRFC 10-3107] analyzing entity 'G'
INFO: [VRFC 10-163] Analyzing VHDL file "E:/Pycharmworkplace/VhdlSimulation/AtomicSystemGeneration/SystemProject/SSS0all/SSS0all.gen/sources_1/bd/SSS0all/ip/SSS0all_G_0_0/sim/SSS0all_G_0_0.vhd" into library xil_defaultlib
INFO: [VRFC 10-3107] analyzing entity 'SSS0all_G_0_0'
INFO: [VRFC 10-163] Analyzing VHDL file "E:/Pycharmworkplace/VhdlSimulation/AtomicSystemGeneration/SystemProject/SSS0all/SSS0all.gen/sources_1/bd/SSS0all/ipshared/69b8/SS.srcs/sources_1/new/SS.vhd" into library xil_defaultlib
INFO: [VRFC 10-3107] analyzing entity 'SS'
INFO: [VRFC 10-163] Analyzing VHDL file "E:/Pycharmworkplace/VhdlSimulation/AtomicSystemGeneration/SystemProject/SSS0all/SSS0all.gen/sources_1/bd/SSS0all/ip/SSS0all_SS_0_0/sim/SSS0all_SS_0_0.vhd" into library xil_defaultlib
INFO: [VRFC 10-3107] analyzing entity 'SSS0all_SS_0_0'
INFO: [VRFC 10-163] Analyzing VHDL file "E:/Pycharmworkplace/VhdlSimulation/AtomicSystemGeneration/SystemProject/SSS0all/SSS0all.gen/sources_1/bd/SSS0all/ipshared/74d3/DMC.srcs/sources_1/new/DMC.vhd" into library xil_defaultlib
INFO: [VRFC 10-3107] analyzing entity 'DMC'
INFO: [VRFC 10-163] Analyzing VHDL file "E:/Pycharmworkplace/VhdlSimulation/AtomicSystemGeneration/SystemProject/SSS0all/SSS0all.gen/sources_1/bd/SSS0all/ip/SSS0all_DMC_0_0/sim/SSS0all_DMC_0_0.vhd" into library xil_defaultlib
INFO: [VRFC 10-3107] analyzing entity 'SSS0all_DMC_0_0'
INFO: [VRFC 10-163] Analyzing VHDL file "E:/Pycharmworkplace/VhdlSimulation/AtomicSystemGeneration/SystemProject/SSS0all/SSS0all.gen/sources_1/bd/SSS0all/ipshared/b515/TCT.srcs/sources_1/new/TCT.vhd" into library xil_defaultlib
INFO: [VRFC 10-3107] analyzing entity 'TCT'
INFO: [VRFC 10-163] Analyzing VHDL file "E:/Pycharmworkplace/VhdlSimulation/AtomicSystemGeneration/SystemProject/SSS0all/SSS0all.gen/sources_1/bd/SSS0all/ip/SSS0all_TCT_0_0/sim/SSS0all_TCT_0_0.vhd" into library xil_defaultlib
INFO: [VRFC 10-3107] analyzing entity 'SSS0all_TCT_0_0'
INFO: [VRFC 10-163] Analyzing VHDL file "E:/Pycharmworkplace/VhdlSimulation/AtomicSystemGeneration/SystemProject/SSS0all/SSS0all.gen/sources_1/bd/SSS0all/ipshared/0f4f/32IT.srcs/sources_1/new/32IT.vhd" into library xil_defaultlib
INFO: [VRFC 10-3107] analyzing entity 'IT'
INFO: [VRFC 10-163] Analyzing VHDL file "E:/Pycharmworkplace/VhdlSimulation/AtomicSystemGeneration/SystemProject/SSS0all/SSS0all.gen/sources_1/bd/SSS0all/ip/SSS0all_IT_0_0/sim/SSS0all_IT_0_0.vhd" into library xil_defaultlib
INFO: [VRFC 10-3107] analyzing entity 'SSS0all_IT_0_0'
INFO: [VRFC 10-163] Analyzing VHDL file "E:/Pycharmworkplace/VhdlSimulation/AtomicSystemGeneration/SystemProject/SSS0all/SSS0all.gen/sources_1/bd/SSS0all/sim/SSS0all.vhd" into library xil_defaultlib
INFO: [VRFC 10-3107] analyzing entity 'SSS0all'
INFO: [VRFC 10-163] Analyzing VHDL file "E:/Pycharmworkplace/VhdlSimulation/AtomicSystemGeneration/SystemProject/SSS0all/SSS0all.gen/sources_1/bd/SSS0all/hdl/SSS0all_wrapper.vhd" into library xil_defaultlib
INFO: [VRFC 10-3107] analyzing entity 'SSS0all_wrapper'
